<?xml version="1.0" encoding="UTF-8"?>
<!-- Generated by org.testng.reporters.JUnitReportReporter -->
<testsuite hostname="DESKTOP-RRPSJ5H" failures="0" tests="1" name="TestClass" time="0.028" errors="0" timestamp="2023-02-04T22:43:31 IST" skipped="0">
  <testcase classname="TestClass" name="jai" time="0.028"/>
  <system-out/>
</testsuite> <!-- TestClass -->
