<?xml version="1.0" encoding="UTF-8"?>
<!-- Generated by org.testng.reporters.JUnitReportReporter -->
<testsuite hostname="DESKTOP-RRPSJ5H" failures="0" tests="1" name="day5ParsingXMLResponse.ParsingXMLResponse" time="7.216" errors="0" timestamp="2023-04-03T11:35:06 IST" skipped="0">
  <testcase classname="day5ParsingXMLResponse.ParsingXMLResponse" name="testXMLResponse" time="7.216"/>
  <system-out/>
</testsuite> <!-- day5ParsingXMLResponse.ParsingXMLResponse -->
