<?xml version="1.0" encoding="UTF-8"?>
<!-- Generated by org.testng.reporters.JUnitReportReporter -->
<testsuite hostname="DESKTOP-RRPSJ5H" failures="0" tests="4" name="day1.HttpRequest" time="21.140" errors="0" timestamp="2023-04-06T11:12:55 IST" skipped="0">
  <testcase classname="day1.HttpRequest" name="getUser" time="8.873"/>
  <system-out/>
  <testcase classname="day1.HttpRequest" name="createUserOrPost" time="5.824"/>
  <system-out/>
  <testcase classname="day1.HttpRequest" name="updateUser" time="3.654"/>
  <system-out/>
  <testcase classname="day1.HttpRequest" name="deleteUser" time="2.789"/>
  <system-out/>
</testsuite> <!-- day1.HttpRequest -->
