<?xml version="1.0" encoding="UTF-8"?>
<!-- Generated by org.testng.reporters.JUnitReportReporter -->
<testsuite hostname="DESKTOP-RRPSJ5H" failures="0" tests="1" name="day3RestAssured.Headers" time="9.578" errors="0" timestamp="2023-04-05T15:40:07 IST" skipped="0">
  <testcase classname="day3RestAssured.Headers" name="testMultipleHeaders" time="9.578"/>
  <system-out/>
</testsuite> <!-- day3RestAssured.Headers -->
