<?xml version="1.0" encoding="UTF-8"?>
<!-- Generated by org.testng.reporters.JUnitReportReporter -->
<testsuite hostname="DESKTOP-RRPSJ5H" failures="0" tests="1" name="day3RestAssured.Cookies_Headers" time="4.647" errors="0" timestamp="2023-04-01T20:54:46 IST" skipped="0">
  <testcase classname="day3RestAssured.Cookies_Headers" name="multipleCookies" time="4.647"/>
  <system-out/>
</testsuite> <!-- day3RestAssured.Cookies_Headers -->
