<?xml version="1.0" encoding="UTF-8"?>
<!-- Generated by org.testng.reporters.JUnitReportReporter -->
<testsuite hostname="DESKTOP-RRPSJ5H" failures="0" tests="2" name="com.hi.test.FirstTest" time="29.038" errors="0" timestamp="2023-02-05T01:39:25 IST" skipped="0">
  <testcase classname="com.hi.test.FirstTest" name="testGoogal" time="11.957"/>
  <system-out/>
  <testcase classname="com.hi.test.FirstTest" name="testYoutube" time="17.081"/>
  <system-out/>
</testsuite> <!-- com.hi.test.FirstTest -->
