<?xml version="1.0" encoding="UTF-8"?>
<!-- Generated by org.testng.reporters.JUnitReportReporter -->
<testsuite hostname="DESKTOP-RRPSJ5H" failures="0" tests="1" name="day3RestAssured.Path_queryParam" time="4.658" errors="0" timestamp="2023-04-01T20:24:41 IST" skipped="0">
  <testcase classname="day3RestAssured.Path_queryParam" name="testQueryParameter" time="4.658"/>
  <system-out/>
</testsuite> <!-- day3RestAssured.Path_queryParam -->
